Started GET "/" for 127.0.0.1 at 2017-04-02 21:36:56 +0700
Processing by ApplicationController#hello as HTML
  Rendering html template
  Rendered html template (0.0ms)
Completed 200 OK in 17ms (Views: 7.0ms | ActiveRecord: 0.0ms)


Started GET "/" for 127.0.0.1 at 2017-04-02 22:11:07 +0700
Processing by ApplicationController#hello as HTML
  Rendering html template
  Rendered html template (0.0ms)
Completed 200 OK in 15ms (Views: 6.2ms | ActiveRecord: 0.0ms)


Started GET "/static_pages/home" for 127.0.0.1 at 2017-04-02 22:11:31 +0700
Processing by StaticPagesController#home as HTML
  Rendering static_pages/home.html.erb within layouts/application
  Rendered static_pages/home.html.erb within layouts/application (1.2ms)
Completed 200 OK in 696ms (Views: 694.9ms | ActiveRecord: 0.0ms)


Started GET "/static_pages/home" for 127.0.0.1 at 2017-04-02 22:17:31 +0700
Processing by StaticPagesController#home as HTML
  Rendering static_pages/home.html.erb within layouts/application
  Rendered static_pages/home.html.erb within layouts/application (1.1ms)
Completed 200 OK in 205ms (Views: 195.7ms | ActiveRecord: 0.0ms)


Started GET "/static_pages/help" for 127.0.0.1 at 2017-04-02 22:18:28 +0700
Processing by StaticPagesController#help as HTML
  Rendering static_pages/help.html.erb within layouts/application
  Rendered static_pages/help.html.erb within layouts/application (1.9ms)
Completed 200 OK in 51ms (Views: 49.6ms | ActiveRecord: 0.0ms)


Started GET "/static_pages/home" for 127.0.0.1 at 2017-04-02 23:27:37 +0700
Processing by StaticPagesController#home as HTML
  Rendering static_pages/home.html.erb within layouts/application
  Rendered static_pages/home.html.erb within layouts/application (1.1ms)
Completed 200 OK in 278ms (Views: 263.1ms | ActiveRecord: 0.0ms)


Started GET "/static_pages/home" for 127.0.0.1 at 2017-04-03 07:44:20 +0700
Processing by StaticPagesController#home as HTML
  Rendering static_pages/home.html.erb within layouts/application
  Rendered static_pages/home.html.erb within layouts/application (1.0ms)
Completed 200 OK in 317ms (Views: 307.7ms | ActiveRecord: 0.0ms)


Started GET "/static_pages/home" for 127.0.0.1 at 2017-04-03 07:45:15 +0700
Processing by StaticPagesController#home as HTML
  Rendering static_pages/home.html.erb within layouts/application
  Rendered static_pages/home.html.erb within layouts/application (0.4ms)
Completed 200 OK in 22ms (Views: 20.8ms | ActiveRecord: 0.0ms)


Started GET "/static_pages/about" for 127.0.0.1 at 2017-04-03 07:46:22 +0700
Processing by StaticPagesController#about as HTML
  Rendering static_pages/about.html.erb within layouts/application
  Rendered static_pages/about.html.erb within layouts/application (1.1ms)
Completed 200 OK in 225ms (Views: 214.7ms | ActiveRecord: 0.0ms)


Started GET "/static_pages/help" for 127.0.0.1 at 2017-04-03 07:46:29 +0700
Processing by StaticPagesController#help as HTML
  Rendering static_pages/help.html.erb within layouts/application
  Rendered static_pages/help.html.erb within layouts/application (0.5ms)
Completed 200 OK in 30ms (Views: 28.5ms | ActiveRecord: 0.0ms)


Started GET "/static_pages/home" for 127.0.0.1 at 2017-04-03 07:47:33 +0700
Processing by StaticPagesController#home as HTML
  Rendering static_pages/home.html.erb within layouts/application
  Rendered static_pages/home.html.erb within layouts/application (0.6ms)
Completed 200 OK in 26ms (Views: 24.3ms | ActiveRecord: 0.0ms)


Started GET "/static_pages/about" for 127.0.0.1 at 2017-04-03 07:49:43 +0700
Processing by StaticPagesController#about as HTML
  Rendering static_pages/about.html.erb within layouts/application
  Rendered static_pages/about.html.erb within layouts/application (1.1ms)
Completed 200 OK in 199ms (Views: 189.4ms | ActiveRecord: 0.0ms)


Started GET "/static_pages/about" for 127.0.0.1 at 2017-04-03 07:52:02 +0700
Processing by StaticPagesController#about as HTML
  Rendering static_pages/about.html.erb
  Rendered static_pages/about.html.erb (1.2ms)
Completed 200 OK in 16ms (Views: 5.7ms | ActiveRecord: 0.0ms)


Started GET "/static_pages/about" for 127.0.0.1 at 2017-04-03 08:01:24 +0700
Processing by StaticPagesController#about as HTML
  Rendering static_pages/about.html.erb within layouts/application
  Rendered static_pages/about.html.erb within layouts/application (1.2ms)
Completed 200 OK in 211ms (Views: 200.6ms | ActiveRecord: 0.0ms)


Started GET "/static_pages/about" for 127.0.0.1 at 2017-04-03 08:02:16 +0700
Processing by StaticPagesController#about as HTML
  Rendering static_pages/about.html.erb within layouts/application
  Rendered static_pages/about.html.erb within layouts/application (1.1ms)
Completed 500 Internal Server Error in 88ms (ActiveRecord: 0.0ms)


  
SyntaxError (/home/dieunguyen/app/sample_app/app/views/layouts/application.html.erb:9: unknown regexp options - had
/home/dieunguyen/app/sample_app/app/views/layouts/application.html.erb:9: unmatched close parenthesis: /title>
    <%= csrf_meta_tags );@output_buffer.safe_append='

    '.freeze;@output_buffer.append=( stylesheet_link_tag    'application', media: 'all', 'data-turbolinks-track': 'reload' );@output_buffer.safe_append='
    '.freeze;@output_buffer.append=( javascript_include_tag 'application', 'data-turbolinks-track': 'reload' );@output_buffer.safe_append='
  </
/home/dieunguyen/app/sample_app/app/views/layouts/application.html.erb:11: syntax error, unexpected '<'
  <body>
   ^
/home/dieunguyen/app/sample_app/app/views/layouts/application.html.erb:13: syntax error, unexpected '<', expecting ')'
  </body>
   ^
/home/dieunguyen/app/sample_app/app/views/layouts/application.html.erb:14: unknown regexp options - htl
/home/dieunguyen/app/sample_app/app/views/layouts/application.html.erb:15: unterminated string meets end of file
/home/dieunguyen/app/sample_app/app/views/layouts/application.html.erb:15: syntax error, unexpected end-of-input, expecting ')'):
  
app/views/layouts/application.html.erb:9: unknown regexp options - had
app/views/layouts/application.html.erb:9: unmatched close parenthesis: /title>
app/views/layouts/application.html.erb:11: syntax error, unexpected '<'
app/views/layouts/application.html.erb:13: syntax error, unexpected '<', expecting ')'
app/views/layouts/application.html.erb:14: unknown regexp options - htl
app/views/layouts/application.html.erb:15: unterminated string meets end of file
app/views/layouts/application.html.erb:15: syntax error, unexpected end-of-input, expecting ')'
Started GET "/static_pages/about" for 127.0.0.1 at 2017-04-03 08:02:56 +0700
Processing by StaticPagesController#about as HTML
  Rendering static_pages/about.html.erb within layouts/application
  Rendered static_pages/about.html.erb within layouts/application (1.2ms)
Completed 500 Internal Server Error in 17ms (ActiveRecord: 0.0ms)


  
SyntaxError (/home/dieunguyen/app/sample_app/app/views/layouts/application.html.erb:9: unknown regexp options - had
/home/dieunguyen/app/sample_app/app/views/layouts/application.html.erb:9: unmatched close parenthesis: /title>
    <%= csrf_meta_tags );@output_buffer.safe_append='

    '.freeze;@output_buffer.append=( stylesheet_link_tag    'application', media: 'all', 'data-turbolinks-track': 'reload' );@output_buffer.safe_append='
    '.freeze;@output_buffer.append=( javascript_include_tag 'application', 'data-turbolinks-track': 'reload' );@output_buffer.safe_append='
  </
/home/dieunguyen/app/sample_app/app/views/layouts/application.html.erb:11: syntax error, unexpected '<'
  <body>
   ^
/home/dieunguyen/app/sample_app/app/views/layouts/application.html.erb:13: syntax error, unexpected '<', expecting ')'
  </body>
   ^
/home/dieunguyen/app/sample_app/app/views/layouts/application.html.erb:14: unknown regexp options - htl
/home/dieunguyen/app/sample_app/app/views/layouts/application.html.erb:15: unterminated string meets end of file
/home/dieunguyen/app/sample_app/app/views/layouts/application.html.erb:15: syntax error, unexpected end-of-input, expecting ')'):
  
app/views/layouts/application.html.erb:9: unknown regexp options - had
app/views/layouts/application.html.erb:9: unmatched close parenthesis: /title>
app/views/layouts/application.html.erb:11: syntax error, unexpected '<'
app/views/layouts/application.html.erb:13: syntax error, unexpected '<', expecting ')'
app/views/layouts/application.html.erb:14: unknown regexp options - htl
app/views/layouts/application.html.erb:15: unterminated string meets end of file
app/views/layouts/application.html.erb:15: syntax error, unexpected end-of-input, expecting ')'
Started GET "/static_pages/about" for 127.0.0.1 at 2017-04-03 08:10:05 +0700
Processing by StaticPagesController#about as HTML
  Rendering static_pages/about.html.erb within layouts/application
  Rendered static_pages/about.html.erb within layouts/application (1.3ms)
Completed 200 OK in 232ms (Views: 221.9ms | ActiveRecord: 0.0ms)


Started GET "/" for 127.0.0.1 at 2017-04-03 08:17:23 +0700
Processing by StaticPagesController#home as HTML
  Rendering static_pages/home.html.erb within layouts/application
  Rendered static_pages/home.html.erb within layouts/application (1.2ms)
Completed 200 OK in 222ms (Views: 212.1ms | ActiveRecord: 0.0ms)


Started GET "/" for 127.0.0.1 at 2017-04-03 08:27:38 +0700
Processing by StaticPagesController#home as HTML
  Rendering static_pages/home.html.erb within layouts/application
  Rendered static_pages/home.html.erb within layouts/application (1.1ms)
Completed 200 OK in 245ms (Views: 234.9ms | ActiveRecord: 0.0ms)


Started GET "/static_pages/about" for 127.0.0.1 at 2017-04-03 08:27:44 +0700
Processing by StaticPagesController#about as HTML
  Rendering static_pages/about.html.erb within layouts/application
  Rendered static_pages/about.html.erb within layouts/application (0.5ms)
Completed 200 OK in 33ms (Views: 32.1ms | ActiveRecord: 0.0ms)


Started GET "/static_pages/home" for 127.0.0.1 at 2017-04-03 08:27:48 +0700
  
ActionController::RoutingError (No route matches [GET] "/static_pages/home"):
  
actionpack (5.0.2) lib/action_dispatch/middleware/debug_exceptions.rb:53:in `call'
web-console (3.5.0) lib/web_console/middleware.rb:135:in `call_app'
web-console (3.5.0) lib/web_console/middleware.rb:28:in `block in call'
web-console (3.5.0) lib/web_console/middleware.rb:18:in `catch'
web-console (3.5.0) lib/web_console/middleware.rb:18:in `call'
actionpack (5.0.2) lib/action_dispatch/middleware/show_exceptions.rb:31:in `call'
railties (5.0.2) lib/rails/rack/logger.rb:36:in `call_app'
railties (5.0.2) lib/rails/rack/logger.rb:24:in `block in call'
activesupport (5.0.2) lib/active_support/tagged_logging.rb:69:in `block in tagged'
activesupport (5.0.2) lib/active_support/tagged_logging.rb:26:in `tagged'
activesupport (5.0.2) lib/active_support/tagged_logging.rb:69:in `tagged'
railties (5.0.2) lib/rails/rack/logger.rb:24:in `call'
sprockets-rails (3.2.0) lib/sprockets/rails/quiet_assets.rb:13:in `call'
actionpack (5.0.2) lib/action_dispatch/middleware/request_id.rb:24:in `call'
rack (2.0.1) lib/rack/method_override.rb:22:in `call'
rack (2.0.1) lib/rack/runtime.rb:22:in `call'
activesupport (5.0.2) lib/active_support/cache/strategy/local_cache_middleware.rb:28:in `call'
actionpack (5.0.2) lib/action_dispatch/middleware/executor.rb:12:in `call'
actionpack (5.0.2) lib/action_dispatch/middleware/static.rb:136:in `call'
rack (2.0.1) lib/rack/sendfile.rb:111:in `call'
railties (5.0.2) lib/rails/engine.rb:522:in `call'
puma (3.8.2) lib/puma/configuration.rb:224:in `call'
puma (3.8.2) lib/puma/server.rb:600:in `handle_request'
puma (3.8.2) lib/puma/server.rb:435:in `process_client'
puma (3.8.2) lib/puma/server.rb:299:in `block in run'
puma (3.8.2) lib/puma/thread_pool.rb:120:in `block in spawn_thread'
  Rendering /home/dieunguyen/.rvm/gems/ruby-2.4.0/gems/actionpack-5.0.2/lib/action_dispatch/middleware/templates/rescues/routing_error.html.erb within rescues/layout
  Rendering /home/dieunguyen/.rvm/gems/ruby-2.4.0/gems/actionpack-5.0.2/lib/action_dispatch/middleware/templates/rescues/_trace.html.erb
  Rendered /home/dieunguyen/.rvm/gems/ruby-2.4.0/gems/actionpack-5.0.2/lib/action_dispatch/middleware/templates/rescues/_trace.html.erb (1.5ms)
  Rendered collection of /home/dieunguyen/.rvm/gems/ruby-2.4.0/gems/actionpack-5.0.2/lib/action_dispatch/middleware/templates/routes/_route.html.erb [4 times] (2.6ms)
  Rendered /home/dieunguyen/.rvm/gems/ruby-2.4.0/gems/actionpack-5.0.2/lib/action_dispatch/middleware/templates/routes/_table.html.erb (30.9ms)
  Rendering /home/dieunguyen/.rvm/gems/ruby-2.4.0/gems/actionpack-5.0.2/lib/action_dispatch/middleware/templates/rescues/_request_and_response.html.erb
  Rendered /home/dieunguyen/.rvm/gems/ruby-2.4.0/gems/actionpack-5.0.2/lib/action_dispatch/middleware/templates/rescues/_request_and_response.html.erb (1.1ms)
  Rendered /home/dieunguyen/.rvm/gems/ruby-2.4.0/gems/actionpack-5.0.2/lib/action_dispatch/middleware/templates/rescues/routing_error.html.erb within rescues/layout (64.3ms)
Started GET "/static_pages/help" for 127.0.0.1 at 2017-04-03 08:27:54 +0700
Processing by StaticPagesController#help as HTML
  Rendering static_pages/help.html.erb within layouts/application
  Rendered static_pages/help.html.erb within layouts/application (0.6ms)
Completed 200 OK in 50ms (Views: 48.2ms | ActiveRecord: 0.0ms)


  [1m[35m (12.9ms)[0m  [1m[34mSELECT pg_try_advisory_lock(7099467589995211095);[0m
  [1m[36mActiveRecord::SchemaMigration Load (27.6ms)[0m  [1m[34mSELECT "schema_migrations".* FROM "schema_migrations"[0m
  [1m[36mActiveRecord::InternalMetadata Load (23.5ms)[0m  [1m[34mSELECT  "ar_internal_metadata".* FROM "ar_internal_metadata" WHERE "ar_internal_metadata"."key" = $1 LIMIT $2[0m  [["key", :environment], ["LIMIT", 1]]
  [1m[35m (0.4ms)[0m  [1m[35mBEGIN[0m
  [1m[35m (0.4ms)[0m  [1m[35mCOMMIT[0m
  [1m[35m (0.6ms)[0m  [1m[34mSELECT pg_advisory_unlock(7099467589995211095)[0m
  [1m[36mActiveRecord::SchemaMigration Load (0.5ms)[0m  [1m[34mSELECT "schema_migrations".* FROM "schema_migrations"[0m
Started GET "/static_pages/about" for 127.0.0.1 at 2017-04-03 09:20:53 +0700
Processing by StaticPagesController#about as HTML
  Rendering static_pages/about.html.erb within layouts/application
  Rendered static_pages/about.html.erb within layouts/application (1.1ms)
Completed 200 OK in 222ms (Views: 212.0ms | ActiveRecord: 0.0ms)


Started GET "/static_pages/about" for 127.0.0.1 at 2017-04-03 09:27:05 +0700
Processing by StaticPagesController#about as HTML
  Rendering static_pages/about.html.erb within layouts/application
  Rendered static_pages/about.html.erb within layouts/application (1.3ms)
Completed 200 OK in 219ms (Views: 208.3ms | ActiveRecord: 0.0ms)


Started GET "/static_pages/about" for 127.0.0.1 at 2017-04-03 09:27:25 +0700
Processing by StaticPagesController#about as HTML
  Rendering static_pages/about.html.erb within layouts/application
  Rendered static_pages/about.html.erb within layouts/application (0.5ms)
Completed 200 OK in 24ms (Views: 23.4ms | ActiveRecord: 0.0ms)


